0140ab79-4859-4afb-a3af-fef0ae3f4004 basile@criugm0277:~/data/projects/qc/cneuromod.anat.smriprep/sourcedata/freesurfer timestamp=1644510989.215326894s
19ae685e-f23d-46c6-a987-405986312db5 s3unf.cneuromod.anat.freesurfer timestamp=1653399202.131845595s
43f73f9e-a82c-4219-943b-1a79b827a128 ria-sequoia-storage timestamp=1666293856.992793681s
44c5d85f-6562-4733-9837-a3f68debed0e basile@criugm0277:~/data/tests/cneuromod.procesed_conp_deploy/smriprep/sourcedata/freesurfer timestamp=1690050166.118256816s
4c54af92-ca91-49ea-8851-e41483a0f250 bpinsard@bc12236.int.ets1.calculquebec.ca:/localscratch/bpinsard.32335147.0/smriprep_sub06.job/sourcedata/freesurfer timestamp=1666014156.183885858s
52b321df-2fec-4a6c-af11-6cfb6f157e24 bpinsard@bc12236.int.ets1.calculquebec.ca:/localscratch/bpinsard.32335145.0/smriprep_sub05.job/sourcedata/freesurfer timestamp=1666014138.712502986s
6301d5c2-21db-4e2b-b62a-9a0eced49759 bpinsard@beluga1.int.ets1.calculquebec.ca:/lustre03/project/6003287/datasets/cneuromod_processed/smriprep/sourcedata/freesurfer timestamp=1621601950.261487s
68cf1726-27e3-4f11-84b8-aa337c8a29ee bpinsard@bc11956.int.ets1.calculquebec.ca:/localscratch/bpinsard.32335143.0/smriprep_sub04.job/sourcedata/freesurfer timestamp=1666014071.31743758s
68f69eb1-c6b8-4c6c-b2c4-d87a3e972247 bpinsard@elm.criugm.qc.ca:/scratch/tmp/anat.freesurfer timestamp=1703190226.792689794s
6f5c787d-aedb-421a-b528-13211096dc2a bpinsard@elm.criugm.qc.ca:/scratch/tmp/cneuromod.processed/smriprep/sourcedata/freesurfer timestamp=1743123401.673248588s
7ec87674-d5cc-4ff4-91c8-9479220de3f4 labopb@labopbX280:~/Documents/Marie/neuromod/anat/anat.freesurfer timestamp=1692305055.60697542s
8669f64c-44ce-4f10-a921-79a02b3ce17f conp-ria-storage timestamp=1688565918.063736831s
87282d09-6936-48a6-a327-f4275cab8f26 bpinsard@elm.criugm.qc.ca:/data/neuromod/DATA/cneuromod.processed/smriprep/sourcedata/freesurfer timestamp=1647010457.854770197s
8cbc8a8c-7b02-4c1a-bd0c-4f14a10ff92a basile@criugm0277:~/data/tests/cneuromod.procesed_conp_deploy/smriprep/sourcedata/freesurfer timestamp=1690164585.704813283s
9269d769-948e-4b4d-94e8-01cf8f4cd79e ria-sequoia-storage timestamp=1647973322.15461429s
a119ede3-2f33-4d47-822f-4a506844cfe9 bpinsard@bc21109.int.ets1.calculquebec.ca:/localscratch/bpinsard.32335140.0/smriprep_sub02.job/sourcedata/freesurfer timestamp=1666014098.636260409s
a772726b-54d0-4d88-ab67-eb8a0d6360e1 bpinsard@narval2.narval.calcul.quebec:/lustre07/scratch/bpinsard/hcptrt.fmriprep/sourcedata/smriprep/sourcedata/freesurfer timestamp=1648752957.431860136s
ad93e4e7-e700-4d6f-9d8c-7befbbb97adb ria-beluga-storage timestamp=1634996451.238566982s
c1d18e43-b009-4c2a-ac2c-023f61cde777 basile@blob-XPS-9320:~/data/tests/cneuromod-things/anatomical/smriprep/sourcedata/freesurfer timestamp=1736432440s
c7b837ae-a332-4322-bc5e-b434b124d355 basile@criugm0277:~/data/tests/movie10.fmriprep/sourcedata/smriprep/sourcedata/freesurfer timestamp=1658245609.1299525s
d1e80f66-bad4-42cd-8fcf-2c6fa546f0df bpinsard@bc12034.int.ets1.calculquebec.ca:/localscratch/bpinsard.32324814.0/smriprep_sub01.job/sourcedata/freesurfer timestamp=1665946005.631296906s
e2a98ec4-7297-49e4-b266-d6b6aa014e7e bpinsard@bc11910.int.ets1.calculquebec.ca:/localscratch/bpinsard.32335141.0/smriprep_sub03.job/sourcedata/freesurfer timestamp=1666014119.602297045s
fa9a8730-da50-4c66-a81e-e8fb6dc4ac8a s3unf.cneuromod.anat.freesurfer timestamp=1647031605.189363228s
